\BOOKMARK [1][-]{section.1}{\376\377\000E\000x\000e\000c\000u\000t\000i\000v\000e\000\040\000S\000u\000m\000m\000a\000r\000y}{}% 1
\BOOKMARK [1][-]{section.2}{\376\377\000M\000a\000i\000n\000\040\000D\000a\000t\000a\000\040\000I\000t\000e\000m\000s\000\040\000a\000n\000d\000\040\000E\000n\000t\000i\000t\000i\000e\000s}{}% 2
\BOOKMARK [1][-]{section.3}{\376\377\000F\000u\000n\000c\000t\000i\000o\000n\000a\000l\000\040\000R\000e\000q\000u\000i\000r\000e\000m\000e\000n\000t\000s\000\040\000-\000\040\000P\000r\000i\000o\000r\000i\000t\000i\000z\000e\000d}{}% 3
\BOOKMARK [2][-]{subsection.3.1}{\376\377\000P\000r\000i\000o\000r\000i\000t\000y\000\040\0001}{section.3}% 4
\BOOKMARK [3][-]{subsubsection.3.1.1}{\376\377\000U\000n\000r\000e\000g\000i\000s\000t\000e\000r\000e\000d\000\040\000U\000s\000e\000r\000s}{subsection.3.1}% 5
\BOOKMARK [3][-]{subsubsection.3.1.2}{\376\377\000R\000e\000g\000i\000s\000t\000e\000r\000e\000d\000\040\000U\000s\000e\000r\000s}{subsection.3.1}% 6
\BOOKMARK [3][-]{subsubsection.3.1.3}{\376\377\000A\000d\000m\000i\000n\000i\000s\000t\000r\000a\000t\000o\000r\000s}{subsection.3.1}% 7
\BOOKMARK [2][-]{subsection.3.2}{\376\377\000P\000r\000i\000o\000r\000i\000t\000y\000\040\0002}{section.3}% 8
\BOOKMARK [3][-]{subsubsection.3.2.1}{\376\377\000U\000n\000r\000e\000g\000i\000s\000t\000e\000r\000e\000d\000\040\000U\000s\000e\000r\000s}{subsection.3.2}% 9
\BOOKMARK [3][-]{subsubsection.3.2.2}{\376\377\000R\000e\000g\000i\000s\000t\000e\000r\000e\000d\000\040\000U\000s\000e\000r\000s}{subsection.3.2}% 10
\BOOKMARK [3][-]{subsubsection.3.2.3}{\376\377\000A\000d\000m\000i\000n\000i\000s\000t\000r\000a\000t\000o\000r\000s}{subsection.3.2}% 11
\BOOKMARK [2][-]{subsection.3.3}{\376\377\000P\000r\000i\000o\000r\000i\000t\000y\000\040\0003}{section.3}% 12
\BOOKMARK [3][-]{subsubsection.3.3.1}{\376\377\000R\000e\000g\000i\000s\000t\000e\000r\000e\000d\000\040\000U\000s\000e\000r\000s}{subsection.3.3}% 13
\BOOKMARK [3][-]{subsubsection.3.3.2}{\376\377\000A\000d\000m\000i\000n\000i\000s\000t\000r\000a\000t\000o\000r\000s}{subsection.3.3}% 14
\BOOKMARK [1][-]{section.4}{\376\377\000U\000s\000e\000r\000\040\000I\000n\000t\000e\000r\000f\000a\000c\000e\000\040\000S\000t\000o\000r\000y\000b\000o\000a\000r\000d\000s}{}% 15
\BOOKMARK [2][-]{subsection.4.1}{\376\377\000A\000d\000m\000i\000n\000i\000s\000t\000r\000a\000t\000i\000v\000e\000\040\000F\000u\000n\000c\000t\000i\000o\000n\000s\000:\000\040\000K\000o\000b\000e}{section.4}% 16
\BOOKMARK [2][-]{subsection.4.2}{\376\377\000P\000u\000r\000c\000h\000a\000s\000e\000\040\000S\000F\000S\000U\000\040\000A\000p\000p\000a\000r\000e\000l\000:\000\040\000C\000l\000a\000i\000r\000e}{section.4}% 17
\BOOKMARK [2][-]{subsection.4.3}{\376\377\000R\000e\000q\000u\000e\000s\000t\000\040\000I\000t\000e\000m\000s\000:\000\040\000A\000n\000n\000a}{section.4}% 18
\BOOKMARK [2][-]{subsection.4.4}{\376\377\000B\000r\000o\000w\000s\000i\000n\000g\000\040\000f\000o\000r\000\040\000I\000t\000e\000m\000s\000:\000\040\000C\000u\000r\000r\000y}{section.4}% 19
\BOOKMARK [2][-]{subsection.4.5}{\376\377\000S\000e\000l\000l\000i\000n\000g\000\040\000F\000u\000r\000n\000i\000t\000u\000r\000e\000:\000\040\000A\000n\000n\000a}{section.4}% 20
\BOOKMARK [1][-]{section.5}{\376\377\000A\000r\000c\000h\000i\000t\000e\000c\000t\000u\000r\000e}{}% 21
\BOOKMARK [2][-]{subsection.5.1}{\376\377\000D\000B\000\040\000O\000r\000g\000a\000n\000i\000z\000a\000t\000i\000o\000n}{section.5}% 22
\BOOKMARK [2][-]{subsection.5.2}{\376\377\000M\000e\000d\000i\000a\000\040\000S\000t\000o\000r\000a\000g\000e}{section.5}% 23
\BOOKMARK [2][-]{subsection.5.3}{\376\377\000S\000e\000a\000r\000c\000h\000/\000f\000i\000l\000t\000e\000r\000\040\000a\000r\000c\000h\000i\000t\000e\000c\000t\000u\000r\000e\000\040\000a\000n\000d\000\040\000i\000m\000p\000l\000e\000m\000e\000n\000t\000a\000t\000i\000o\000n}{section.5}% 24
\BOOKMARK [2][-]{subsection.5.4}{\376\377\000T\000e\000a\000m\000\040\0008\000\040\000A\000P\000I\000s}{section.5}% 25
\BOOKMARK [2][-]{subsection.5.5}{\376\377\000A\000l\000g\000o\000r\000i\000t\000h\000m\000s\000\040\000o\000r\000\040\000P\000r\000o\000c\000e\000s\000s\000i\000n\000g}{section.5}% 26
\BOOKMARK [2][-]{subsection.5.6}{\376\377\000S\000W\000\040\000T\000o\000o\000l\000\040\000a\000n\000d\000\040\000F\000r\000a\000m\000e\000w\000o\000r\000k\000\040\000C\000h\000a\000n\000g\000e\000s}{section.5}% 27
\BOOKMARK [1][-]{section.6}{\376\377\000K\000e\000y\000\040\000R\000i\000s\000k\000s}{}% 28
\BOOKMARK [2][-]{subsection.6.1}{\376\377\000S\000k\000i\000l\000l\000s}{section.6}% 29
\BOOKMARK [2][-]{subsection.6.2}{\376\377\000S\000c\000h\000e\000d\000u\000l\000e}{section.6}% 30
\BOOKMARK [2][-]{subsection.6.3}{\376\377\000T\000e\000c\000h\000n\000i\000c\000a\000l}{section.6}% 31
\BOOKMARK [2][-]{subsection.6.4}{\376\377\000T\000e\000a\000m\000w\000o\000r\000k}{section.6}% 32
\BOOKMARK [2][-]{subsection.6.5}{\376\377\000L\000e\000g\000a\000l\000/\000C\000o\000n\000t\000e\000n\000t}{section.6}% 33
\BOOKMARK [1][-]{section.7}{\376\377\000P\000r\000o\000j\000e\000c\000t\000\040\000M\000a\000n\000a\000g\000e\000m\000e\000n\000t}{}% 34
